# JRE version: OpenJDK Runtime Environment Homebrew (11.0.26) (build 11.0.26+0)
# Java VM: OpenJDK 64-Bit Server VM Homebrew (11.0.26+0, mixed mode, tiered, compressed oops, g1 gc, bsd-aarch64)
Heap:
 garbage-first heap   total 262144K, used 190795K [0x0000000780000000, 0x00000007c0000000)
  region size 1024K, 85 young (87040K), 10 survivors (10240K)
 Metaspace       used 131749K, capacity 138057K, committed 138192K, reserved 1165312K
  class space    used 18601K, capacity 21818K, committed 21888K, reserved 1048576K
GC Heap History (20 events):
Event: 0.300 GC heap before
{Heap before GC invocations=1 (full 0):
 garbage-first heap   total 262144K, used 41745K [0x0000000780000000, 0x00000007c0000000)
  region size 1024K, 23 young (23552K), 3 survivors (3072K)
 Metaspace       used 11671K, capacity 11805K, committed 12032K, reserved 1060864K
  class space    used 1127K, capacity 1207K, committed 1280K, reserved 1048576K
}
Event: 0.301 GC heap after
{Heap after GC invocations=2 (full 0):
 garbage-first heap   total 262144K, used 23423K [0x0000000780000000, 0x00000007c0000000)
  region size 1024K, 3 young (3072K), 3 survivors (3072K)
 Metaspace       used 11671K, capacity 11805K, committed 12032K, reserved 1060864K
  class space    used 1127K, capacity 1207K, committed 1280K, reserved 1048576K
}
Event: 0.479 GC heap before
{Heap before GC invocations=2 (full 0):
 garbage-first heap   total 262144K, used 69503K [0x0000000780000000, 0x00000007c0000000)
  region size 1024K, 48 young (49152K), 3 survivors (3072K)
 Metaspace       used 18231K, capacity 18619K, committed 18816K, reserved 1067008K
  class space    used 1925K, capacity 2095K, committed 2176K, reserved 1048576K
}
Event: 0.481 GC heap after
{Heap after GC invocations=3 (full 0):
 garbage-first heap   total 262144K, used 25446K [0x0000000780000000, 0x00000007c0000000)
  region size 1024K, 4 young (4096K), 4 survivors (4096K)
 Metaspace       used 18231K, capacity 18619K, committed 18816K, reserved 1067008K
  class space    used 1925K, capacity 2095K, committed 2176K, reserved 1048576K
}
Event: 0.590 GC heap before
{Heap before GC invocations=3 (full 0):
 garbage-first heap   total 262144K, used 36710K [0x0000000780000000, 0x00000007c0000000)
  region size 1024K, 16 young (16384K), 4 survivors (4096K)
 Metaspace       used 20768K, capacity 21135K, committed 21296K, reserved 1069056K
  class space    used 2436K, capacity 2594K, committed 2688K, reserved 1048576K
}
Event: 0.593 GC heap after
{Heap after GC invocations=4 (full 0):
 garbage-first heap   total 262144K, used 25655K [0x0000000780000000, 0x00000007c0000000)
  region size 1024K, 5 young (5120K), 5 survivors (5120K)
 Metaspace       used 20768K, capacity 21135K, committed 21296K, reserved 1069056K
  class space    used 2436K, capacity 2594K, committed 2688K, reserved 1048576K
}
Event: 1.117 GC heap before
{Heap before GC invocations=5 (full 0):
 garbage-first heap   total 262144K, used 105527K [0x0000000780000000, 0x00000007c0000000)
  region size 1024K, 85 young (87040K), 5 survivors (5120K)
 Metaspace       used 34729K, capacity 35721K, committed 35888K, reserved 1079296K
  class space    used 4622K, capacity 5129K, committed 5248K, reserved 1048576K
}
Event: 1.121 GC heap after
{Heap after GC invocations=6 (full 0):
 garbage-first heap   total 262144K, used 28447K [0x0000000780000000, 0x00000007c0000000)
  region size 1024K, 7 young (7168K), 7 survivors (7168K)
 Metaspace       used 34729K, capacity 35721K, committed 35888K, reserved 1079296K
  class space    used 4622K, capacity 5129K, committed 5248K, reserved 1048576K
}
Event: 151.496 GC heap before
{Heap before GC invocations=7 (full 0):
 garbage-first heap   total 262144K, used 177951K [0x0000000780000000, 0x00000007c0000000)
  region size 1024K, 153 young (156672K), 7 survivors (7168K)
 Metaspace       used 56524K, capacity 58380K, committed 58672K, reserved 1099776K
  class space    used 7481K, capacity 8450K, committed 8576K, reserved 1048576K
}
Event: 151.505 GC heap after
{Heap after GC invocations=8 (full 0):
 garbage-first heap   total 262144K, used 34007K [0x0000000780000000, 0x00000007c0000000)
  region size 1024K, 13 young (13312K), 13 survivors (13312K)
 Metaspace       used 56524K, capacity 58380K, committed 58672K, reserved 1099776K
  class space    used 7481K, capacity 8450K, committed 8576K, reserved 1048576K
}
Event: 151.570 GC heap before
{Heap before GC invocations=8 (full 0):
 garbage-first heap   total 262144K, used 42199K [0x0000000780000000, 0x00000007c0000000)
  region size 1024K, 22 young (22528K), 13 survivors (13312K)
 Metaspace       used 58356K, capacity 60140K, committed 60240K, reserved 1101824K
  class space    used 7704K, capacity 8674K, committed 8704K, reserved 1048576K
}
Event: 151.575 GC heap after
{Heap after GC invocations=9 (full 0):
 garbage-first heap   total 262144K, used 35156K [0x0000000780000000, 0x00000007c0000000)
  region size 1024K, 10 young (10240K), 10 survivors (10240K)
 Metaspace       used 58356K, capacity 60140K, committed 60240K, reserved 1101824K
  class space    used 7704K, capacity 8674K, committed 8704K, reserved 1048576K
}
Event: 155.384 GC heap before
{Heap before GC invocations=10 (full 0):
 garbage-first heap   total 262144K, used 179540K [0x0000000780000000, 0x00000007c0000000)
  region size 1024K, 146 young (149504K), 10 survivors (10240K)
 Metaspace       used 79768K, capacity 83052K, committed 83280K, reserved 1120256K
  class space    used 11101K, capacity 12762K, committed 12800K, reserved 1048576K
}
Event: 155.389 GC heap after
{Heap after GC invocations=11 (full 0):
 garbage-first heap   total 262144K, used 41489K [0x0000000780000000, 0x00000007c0000000)
  region size 1024K, 16 young (16384K), 16 survivors (16384K)
 Metaspace       used 79768K, capacity 83052K, committed 83280K, reserved 1120256K
  class space    used 11101K, capacity 12762K, committed 12800K, reserved 1048576K
}
Event: 155.920 GC heap before
{Heap before GC invocations=11 (full 0):
 garbage-first heap   total 262144K, used 131601K [0x0000000780000000, 0x00000007c0000000)
  region size 1024K, 104 young (106496K), 16 survivors (16384K)
 Metaspace       used 96715K, capacity 100730K, committed 100832K, reserved 1134592K
  class space    used 13543K, capacity 15603K, committed 15616K, reserved 1048576K
}
Event: 155.930 GC heap after
{Heap after GC invocations=12 (full 0):
 garbage-first heap   total 262144K, used 45669K [0x0000000780000000, 0x00000007c0000000)
  region size 1024K, 12 young (12288K), 12 survivors (12288K)
 Metaspace       used 96715K, capacity 100730K, committed 100832K, reserved 1134592K
  class space    used 13543K, capacity 15603K, committed 15616K, reserved 1048576K
}
Event: 156.801 GC heap before
{Heap before GC invocations=13 (full 0):
 garbage-first heap   total 262144K, used 219749K [0x0000000780000000, 0x00000007c0000000)
  region size 1024K, 145 young (148480K), 12 survivors (12288K)
 Metaspace       used 114019K, capacity 119356K, committed 119632K, reserved 1150976K
  class space    used 16134K, capacity 18882K, committed 18944K, reserved 1048576K
}
Event: 156.808 GC heap after
{Heap after GC invocations=14 (full 0):
 garbage-first heap   total 262144K, used 76197K [0x0000000780000000, 0x00000007c0000000)
  region size 1024K, 11 young (11264K), 11 survivors (11264K)
 Metaspace       used 114019K, capacity 119356K, committed 119632K, reserved 1150976K
  class space    used 16134K, capacity 18882K, committed 18944K, reserved 1048576K
}
Event: 413.350 GC heap before
{Heap before GC invocations=15 (full 0):
 garbage-first heap   total 262144K, used 219557K [0x0000000780000000, 0x00000007c0000000)
  region size 1024K, 128 young (131072K), 11 survivors (11264K)
 Metaspace       used 127387K, capacity 133192K, committed 133456K, reserved 1161216K
  class space    used 17989K, capacity 20982K, committed 20992K, reserved 1048576K
}
Event: 413.368 GC heap after
{Heap after GC invocations=16 (full 0):
 garbage-first heap   total 262144K, used 75083K [0x0000000780000000, 0x00000007c0000000)
  region size 1024K, 10 young (10240K), 10 survivors (10240K)
 Metaspace       used 127387K, capacity 133192K, committed 133456K, reserved 1161216K
  class space    used 17989K, capacity 20982K, committed 20992K, reserved 1048576K
}

